<?xml version="1.0" encoding="UTF-8"?>
<!-- Generated by org.testng.reporters.JUnitXMLReporter -->
<testsuite ignored="1" hostname="LAPTOP-4NVF0J5C" failures="0" tests="9" name="Test12" time="15.661" errors="0" timestamp="2022-02-18T00:21:52 IST">
  <testcase classname="testClasses.test" name="LoginTitleVerify" time="2.827"/>
  <testcase classname="testClasses.test" name="VerifyTimeTrackPage" time="2.697"/>
  <testcase classname="testClasses.HeaderTest" name="TitleTaskPage" time="6.649"/>
  <testcase classname="testClasses.test" name="VerifytitleTaskPage" time="0.728"/>
  <testcase classname="testClasses.HeaderTest" name="URLTaskButten" time="0.594"/>
  <testcase classname="testClasses.HeaderTest" name="VerifyTimeTrackPage" time="0.41"/>
  <testcase classname="testClasses.test" name="Timeout0" time="1.018"/>
  <testcase classname="testClasses.HeaderTest" name="verifyUrlUsagerPage" time="0.644"/>
  <testcase classname="testClasses.HeaderTest" name="Timeout" time="1.007"/>
  <testcase classname="testClasses.test" name="VerifyLoginButtenText" time="0.0">
    <ignored/>
  </testcase> <!-- VerifyLoginButtenText -->
</testsuite> <!-- Test12 -->
