<?xml version="1.0" encoding="UTF-8"?>
<!-- Generated by org.testng.reporters.JUnitXMLReporter -->
<testsuite ignored="1" hostname="LAPTOP-4NVF0J5C" failures="0" tests="9" name="Test22" time="17.239" errors="0" timestamp="2022-02-18T00:22:09 IST">
  <testcase classname="testClasses.test" name="LoginTitleVerify" time="0.053"/>
  <testcase classname="testClasses.test" name="VerifyTimeTrackPage" time="0.519"/>
  <testcase classname="testClasses.HeaderTest" name="TitleTaskPage" time="0.49"/>
  <testcase classname="testClasses.test" name="VerifytitleTaskPage" time="3.138"/>
  <testcase classname="testClasses.HeaderTest" name="URLTaskButten" time="3.529"/>
  <testcase classname="testClasses.HeaderTest" name="VerifyTimeTrackPage" time="0.505"/>
  <testcase classname="testClasses.test" name="Timeout0" time="1.011"/>
  <testcase classname="testClasses.HeaderTest" name="verifyUrlUsagerPage" time="0.799"/>
  <testcase classname="testClasses.HeaderTest" name="Timeout" time="1.011"/>
  <testcase classname="testClasses.test" name="VerifyLoginButtenText" time="0.0">
    <ignored/>
  </testcase> <!-- VerifyLoginButtenText -->
</testsuite> <!-- Test22 -->
