<?xml version="1.0" encoding="UTF-8"?>
<!-- Generated by org.testng.reporters.JUnitXMLReporter -->
<testsuite ignored="4" hostname="LAPTOP-4NVF0J5C" failures="1" tests="1" name="Test12(failed)" time="3.933" errors="0" timestamp="2022-02-18T00:20:12 IST">
  <testcase classname="testClasses.HeaderTest" name="URLTaskButten" time="0.005">
    <failure type="java.lang.Error" message="Unresolved compilation problems: 
	gfgghgtf cannot be resolved to a type
	Syntax error, insert &amp;quot;;&amp;quot; to complete LocalVariableDeclarationStatement
	softAssert cannot be resolved to a variable
	softAssert cannot be resolved
">
      <![CDATA[java.lang.Error: Unresolved compilation problems: 
gfgghgtf cannot be resolved to a type
Syntax error, insert ";" to complete LocalVariableDeclarationStatement
softAssert cannot be resolved to a variable
softAssert cannot be resolved

at testClasses.HeaderTest.URLTaskButten(HeaderTest.java:107)
at java.base/java.util.concurrent.ThreadPoolExecutor.runWorker(ThreadPoolExecutor.java:1130)
at java.base/java.util.concurrent.ThreadPoolExecutor$Worker.run(ThreadPoolExecutor.java:630)
at java.base/java.lang.Thread.run(Thread.java:831)
... Removed 12 stack frames]]>
    </failure>
  </testcase> <!-- URLTaskButten -->
  <testcase classname="testClasses.HeaderTest" name="verifyUrlUsagerPage" time="0.0">
    <ignored/>
  </testcase> <!-- verifyUrlUsagerPage -->
  <testcase classname="testClasses.HeaderTest" name="TitleTaskPage" time="0.0">
    <ignored/>
  </testcase> <!-- TitleTaskPage -->
  <testcase classname="testClasses.HeaderTest" name="VerifyTimeTrackPage" time="0.0">
    <ignored/>
  </testcase> <!-- VerifyTimeTrackPage -->
  <testcase classname="testClasses.HeaderTest" name="Timeout" time="0.0">
    <ignored/>
  </testcase> <!-- Timeout -->
</testsuite> <!-- Test12(failed) -->
