<?xml version="1.0" encoding="UTF-8"?>
<!-- Generated by org.testng.reporters.JUnitXMLReporter -->
<testsuite ignored="1" hostname="LAPTOP-4NVF0J5C" failures="0" tests="9" name="Test11" time="13.256" errors="0" timestamp="2022-02-10T00:11:23 IST">
  <testcase classname="Testing.HeaderTest" name="Timeout" time="1.011"/>
  <testcase classname="Testing.HeaderTest" name="VerifyTaskButten" time="0.694"/>
  <testcase classname="Testing.HeaderTest" name="VerifyTimeTrackPage" time="0.39"/>
  <testcase classname="Testing.HeaderTest" name="VerifytitleTaskPage" time="0.489"/>
  <testcase classname="Testing.HeaderTest" name="verifyUrlUsagerPage" time="0.705"/>
  <testcase classname="Testing.test" name="LoginTitleVerify" time="0.453"/>
  <testcase classname="Testing.test" name="Timeout0" time="1.004"/>
  <testcase classname="Testing.test" name="VerifyTimeTrackPage" time="0.449"/>
  <testcase classname="Testing.test" name="VerifytitleTaskPage" time="0.561"/>
  <testcase classname="Testing.test" name="VerifyLoginButtenText" time="0.0">
    <ignored/>
  </testcase> <!-- VerifyLoginButtenText -->
</testsuite> <!-- Test11 -->
